TN:
SF:/Users/abhishekahuja/Documents/Fall2022/SoftwareValidationFinal/schedule2/versions.alt/versions.orig/v10/schedule2.c
FN:23,enqueue
FNDA:62145,enqueue
FN:42,main
FNDA:2710,main
FN:69,get_command
FNDA:90443,get_command
FN:98,exit_here
FNDA:2710,exit_here
FN:106,new_job
FNDA:41352,new_job
FN:129,upgrade_prio
FNDA:12314,upgrade_prio
FN:143,block
FNDA:12700,block
FN:156,unblock
FNDA:13134,unblock
FN:167,quantum_expire
FNDA:12358,quantum_expire
FN:180,finish
FNDA:48538,finish
FN:196,flush
FNDA:11525,flush
FN:204,get_current
FNDA:168230,get_current
FN:218,reschedule
FNDA:94634,reschedule
FN:231,schedule
FNDA:87794,schedule
FN:270,put_end
FNDA:64487,put_end
FN:284,get_process
FNDA:230047,get_process
FNF:16
FNH:16
DA:23,62145
DA:28,62145
DA:29,62145
DA:42,2710
DA:50,2710
DA:51,10656
DA:53,8007
DA:54,35735
DA:56,27758
DA:60,90443
DA:62,87794
DA:64,2649
DA:65,2649
DA:69,90443
DA:73,90443
DA:75,90443
DA:77,87794
DA:78,87794
DA:79,87794
DA:81,13594
DA:82,13594
DA:83,13594
DA:84,13134
DA:85,13134
DA:86,13134
DA:87,12314
DA:88,12314
DA:89,12314
DA:92,88006
DA:93,87794
DA:95,2649
DA:98,2710
DA:101,2710
DA:106,41352
DA:109,41352
DA:111,41352
DA:112,41352
DA:113,41352
DA:116,41352
DA:117,41352
DA:118,41352
DA:119,41352
DA:120,41352
DA:122,0
DA:125,41352
DA:126,41352
DA:129,12314
DA:135,12314
DA:136,11169
DA:138,2592
DA:139,2592
DA:143,12700
DA:146,12700
DA:147,12700
DA:149,6633
DA:150,6633
DA:152,6067
DA:156,13134
DA:161,13134
DA:163,5057
DA:167,12358
DA:170,12358
DA:171,12358
DA:173,6511
DA:174,6511
DA:176,5847
DA:180,48538
DA:183,48538
DA:184,48538
DA:186,32489
DA:187,32489
DA:188,32489
DA:189,32489
DA:190,32489
DA:192,16049
DA:196,11525
DA:198,39743
DA:199,11525
DA:200,11525
DA:204,168230
DA:207,168230
DA:209,243773
DA:211,205744
DA:214,168230
DA:218,94634
DA:221,94634
DA:223,2342
DA:224,2342
DA:226,94634
DA:227,94634
DA:231,87794
DA:235,87794
DA:236,87794
DA:238,13594
DA:239,13594
DA:240,13594
DA:241,12358
DA:242,12358
DA:243,12358
DA:244,12314
DA:245,12314
DA:246,12314
DA:247,12700
DA:248,12700
DA:249,12700
DA:250,13134
DA:251,13134
DA:252,13134
DA:253,8795
DA:254,8795
DA:255,8795
DA:256,8795
DA:257,11525
DA:258,11525
DA:259,11525
DA:260,3374
DA:261,3374
DA:263,87794
DA:270,64487
DA:275,64487
DA:277,156243
DA:278,64320
DA:279,64320
DA:280,64320
DA:284,230047
DA:291,230047
DA:292,230047
DA:293,229776
DA:294,229776
DA:295,229776
DA:296,234227
DA:297,4451
DA:298,229776
DA:299,229776
DA:301,57101
DA:302,57101
DA:303,57101
DA:304,57101
DA:306,172675
LF:139
LH:138
end_of_record
