        -:    0:Source:sampleCode_2.c
        -:    0:Graph:sampleCode_2.gcno
        -:    0:Data:sampleCode_2.gcda
        -:    0:Runs:1
        -:    1:#include <stdio.h>
        -:    2:
        1:    3:dummy_call(int b)
        -:    4:{
        1:    5:    exit(b);
        -:    6:}
        -:    7:/*
        -:    8:main(int a, int b)
        -:    9:{
        -:   10:    int c;
        -:   11:    printf("Enter the first number");
        -:   12:    scanf("%d", &c);
        -:   13:    if (c==1)
        -:   14:    {
        -:   15:        return 0;
        -:   16:    }
        -:   17:    else dummy_call(0);} */
        -:   18:
        1:   19:main ()
        -:   20:{
        1:   21:    int a=0;
        1:   22:    if (a==0)
        -:   23:    {
        1:   24:        dummy_call(0);
        -:   25:    }
    #####:   26:    else dummy_call(0);
        -:   27:}
