TN:
SF:/Users/abhishekahuja/Documents/Fall2022/SoftwareValidationFinal/totinfo/versions.alt/versions.orig/v23/tot_info.c
FN:41,main
FNDA:1052,main
FN:150,LGamma
FNDA:2172,LGamma
FN:184,gser
FNDA:819,gser
FN:208,gcf
FNDA:1498,gcf
FN:244,QGamma
FNDA:2317,QGamma
FN:252,QChiSq
FNDA:2317,QChiSq
FN:293,InfoTbl
FNDA:2781,InfoTbl
FNF:7
FNH:7
DA:41,1052
DA:50,1052
DA:53,1052
DA:55,8989
DA:57,14854
DA:60,8310
DA:61,3703
DA:63,4607
DA:65,1453
DA:66,1453
DA:69,3154
DA:71,76
DA:72,76
DA:75,3078
DA:77,191
DA:78,191
DA:83,22753
DA:84,221090
DA:85,201224
DA:87,106
DA:90,106
DA:95,2781
DA:99,2781
DA:101,1803
DA:105,1803
DA:106,1803
DA:109,1956
DA:110,978
DA:117,679
DA:119,165
DA:120,165
DA:123,514
DA:127,514
DA:150,2172
DA:162,2172
DA:164,171
DA:166,171
DA:169,2001
DA:170,2001
DA:172,2001
DA:174,14007
DA:175,12006
DA:177,2001
DA:184,819
DA:191,819
DA:192,316
DA:194,503
DA:196,3789
DA:198,3789
DA:200,3789
DA:201,503
DA:205,0
DA:208,1498
DA:212,1498
DA:213,1498
DA:215,2996
DA:218,2996
DA:219,2996
DA:221,2996
DA:222,2996
DA:223,2996
DA:224,2996
DA:225,2996
DA:227,2996
DA:229,2996
DA:231,2996
DA:233,2996
DA:234,1498
DA:236,1498
DA:241,0
DA:244,2317
DA:248,2317
DA:252,2317
DA:256,2317
DA:293,2781
DA:305,2781
DA:306,2781
DA:308,2781
DA:310,357
DA:311,357
DA:314,2424
DA:316,2424
DA:318,0
DA:319,0
DA:322,2424
DA:324,0
DA:325,0
DA:330,2424
DA:332,19989
DA:334,17744
DA:336,214740
DA:338,197175
DA:340,197175
DA:342,179
DA:343,179
DA:346,196996
DA:349,17565
DA:352,2245
DA:354,244
DA:355,244
DA:360,17810
DA:362,15809
DA:364,207299
DA:365,191490
DA:367,15809
DA:372,2001
DA:374,18725
DA:376,16724
DA:378,16724
DA:379,16102
DA:381,208214
DA:383,191490
DA:385,191490
DA:386,185581
DA:390,17810
DA:392,15809
DA:394,15809
DA:395,15308
DA:398,2001
DA:400,2424
DA:401,2424
DA:402,2424
DA:403,2424
DA:404,2781
DA:405,2781
LF:125
LH:119
end_of_record
